<?xml version="1.0" encoding="UTF-8"?>
<!-- Generated by org.testng.reporters.JUnitReportReporter -->
<testsuite skipped="0" hostname="BDC4B-D-9XZG882" name="com.tests.NewTest" tests="3" failures="0" timestamp="26 Jul 2018 07:03:09 GMT" time="0.029" errors="0">
  <testcase name="xyz" time="0.003" classname="com.tests.NewTest"/>
  <testcase name="abc" time="0.021" classname="com.tests.NewTest"/>
  <testcase name="f" time="0.005" classname="com.tests.NewTest"/>
</testsuite> <!-- com.tests.NewTest -->
